[0m20:06:35.442379 [debug] [MainThread]: Sending event: {'category': 'dbt', 'action': 'invocation', 'label': 'start', 'context': [<snowplow_tracker.self_describing_json.SelfDescribingJson object at 0x000001B6FFB501A0>, <snowplow_tracker.self_describing_json.SelfDescribingJson object at 0x000001B680C23ED0>, <snowplow_tracker.self_describing_json.SelfDescribingJson object at 0x000001B680C23B10>]}


============================== 20:06:35.446560 | 20caebf8-5dfc-4e76-a1ef-a181966337d6 ==============================
[0m20:06:35.446560 [info ] [MainThread]: Running with dbt=1.10.8
[0m20:06:35.447189 [debug] [MainThread]: running dbt with arguments {'printer_width': '80', 'indirect_selection': 'eager', 'log_cache_events': 'False', 'write_json': 'True', 'partial_parse': 'True', 'cache_selected_only': 'False', 'warn_error': 'None', 'fail_fast': 'False', 'version_check': 'True', 'log_path': 'logs', 'debug': 'False', 'profiles_dir': 'C:\\Users\\Allen\\.dbt', 'use_colors': 'True', 'use_experimental_parser': 'False', 'no_print': 'None', 'quiet': 'False', 'empty': 'None', 'warn_error_options': 'WarnErrorOptionsV2(error=[], warn=[], silence=[])', 'static_parser': 'True', 'introspect': 'True', 'log_format': 'default', 'target_path': 'None', 'invocation_command': 'dbt debug', 'send_anonymous_usage_stats': 'True'}
[0m20:06:35.464332 [info ] [MainThread]: dbt version: 1.10.8
[0m20:06:35.464841 [info ] [MainThread]: python version: 3.13.5
[0m20:06:35.465245 [info ] [MainThread]: python path: C:\Users\Allen\Projects\Distribtuion_Performance\.venv\Scripts\python.exe
[0m20:06:35.465628 [info ] [MainThread]: os info: Windows-11-10.0.26100-SP0
[0m20:06:36.057289 [info ] [MainThread]: Using profiles dir at C:\Users\Allen\.dbt
[0m20:06:36.057885 [info ] [MainThread]: Using profiles.yml file at C:\Users\Allen\.dbt\profiles.yml
[0m20:06:36.058429 [info ] [MainThread]: Using dbt_project.yml file at C:\Users\Allen\Projects\Distribtuion_Performance\dbt_project.yml
[0m20:06:36.059470 [info ] [MainThread]: adapter type: snowflake
[0m20:06:36.060105 [info ] [MainThread]: adapter version: 1.10.0
[0m20:06:36.060584 [info ] [MainThread]: Configuration:
[0m20:06:36.060901 [info ] [MainThread]:   profiles.yml file [[32mOK found and valid[0m]
[0m20:06:36.061238 [info ] [MainThread]:   dbt_project.yml file [[31mERROR not found[0m]
[0m20:06:36.061605 [info ] [MainThread]: Required dependencies:
[0m20:06:36.062062 [debug] [MainThread]: Executing "git --help"
[0m20:06:36.097494 [debug] [MainThread]: STDOUT: "b"usage: git [-v | --version] [-h | --help] [-C <path>] [-c <name>=<value>]\n           [--exec-path[=<path>]] [--html-path] [--man-path] [--info-path]\n           [-p | --paginate | -P | --no-pager] [--no-replace-objects] [--no-lazy-fetch]\n           [--no-optional-locks] [--no-advice] [--bare] [--git-dir=<path>]\n           [--work-tree=<path>] [--namespace=<name>] [--config-env=<name>=<envvar>]\n           <command> [<args>]\n\nThese are common Git commands used in various situations:\n\nstart a working area (see also: git help tutorial)\n   clone      Clone a repository into a new directory\n   init       Create an empty Git repository or reinitialize an existing one\n\nwork on the current change (see also: git help everyday)\n   add        Add file contents to the index\n   mv         Move or rename a file, a directory, or a symlink\n   restore    Restore working tree files\n   rm         Remove files from the working tree and from the index\n\nexamine the history and state (see also: git help revisions)\n   bisect     Use binary search to find the commit that introduced a bug\n   diff       Show changes between commits, commit and working tree, etc\n   grep       Print lines matching a pattern\n   log        Show commit logs\n   show       Show various types of objects\n   status     Show the working tree status\n\ngrow, mark and tweak your common history\n   backfill   Download missing objects in a partial clone\n   branch     List, create, or delete branches\n   commit     Record changes to the repository\n   merge      Join two or more development histories together\n   rebase     Reapply commits on top of another base tip\n   reset      Reset current HEAD to the specified state\n   switch     Switch branches\n   tag        Create, list, delete or verify a tag object signed with GPG\n\ncollaborate (see also: git help workflows)\n   fetch      Download objects and refs from another repository\n   pull       Fetch from and integrate with another repository or a local branch\n   push       Update remote refs along with associated objects\n\n'git help -a' and 'git help -g' list available subcommands and some\nconcept guides. See 'git help <command>' or 'git help <concept>'\nto read about a specific subcommand or concept.\nSee 'git help git' for an overview of the system.\n""
[0m20:06:36.097931 [debug] [MainThread]: STDERR: "b''"
[0m20:06:36.098249 [info ] [MainThread]:  - git [[32mOK found[0m]

[0m20:06:36.098600 [info ] [MainThread]: Connection:
[0m20:06:36.099010 [info ] [MainThread]:   account: HGC40667.us-east-1
[0m20:06:36.099396 [info ] [MainThread]:   user: ALLENBLACK
[0m20:06:36.099757 [info ] [MainThread]:   database: dist_perf_db
[0m20:06:36.100085 [info ] [MainThread]:   warehouse: compute_wh
[0m20:06:36.100336 [info ] [MainThread]:   role: SYSADMIN
[0m20:06:36.100713 [info ] [MainThread]:   schema: dist_perf_staging
[0m20:06:36.101210 [info ] [MainThread]:   authenticator: None
[0m20:06:36.101606 [info ] [MainThread]:   oauth_client_id: None
[0m20:06:36.101917 [info ] [MainThread]:   query_tag: None
[0m20:06:36.102269 [info ] [MainThread]:   client_session_keep_alive: False
[0m20:06:36.102611 [info ] [MainThread]:   host: None
[0m20:06:36.102952 [info ] [MainThread]:   port: None
[0m20:06:36.103200 [info ] [MainThread]:   proxy_host: None
[0m20:06:36.103444 [info ] [MainThread]:   proxy_port: None
[0m20:06:36.103699 [info ] [MainThread]:   protocol: None
[0m20:06:36.104131 [info ] [MainThread]:   connect_retries: 1
[0m20:06:36.104656 [info ] [MainThread]:   connect_timeout: None
[0m20:06:36.105050 [info ] [MainThread]:   retry_on_database_errors: False
[0m20:06:36.105512 [info ] [MainThread]:   retry_all: False
[0m20:06:36.105922 [info ] [MainThread]:   insecure_mode: False
[0m20:06:36.106185 [info ] [MainThread]:   reuse_connections: True
[0m20:06:36.106559 [info ] [MainThread]:   s3_stage_vpce_dns_name: None
[0m20:06:36.107198 [info ] [MainThread]: Registered adapter: snowflake=1.10.0
[0m20:06:36.419781 [debug] [MainThread]: Acquiring new snowflake connection 'debug'
[0m20:06:36.543304 [debug] [MainThread]: Using snowflake connection "debug"
[0m20:06:36.543630 [debug] [MainThread]: On debug: select 1 as id
[0m20:06:36.543832 [debug] [MainThread]: Opening a new connection, currently in state init
[0m20:06:38.058246 [debug] [MainThread]: Snowflake adapter: Error running SQL: select 1 as id
[0m20:06:38.058578 [debug] [MainThread]: Snowflake adapter: Rolling back transaction.
[0m20:06:38.058835 [info ] [MainThread]:   Connection test: [[31mERROR[0m]

[0m20:06:38.059363 [info ] [MainThread]: [31m2 checks failed:[0m
[0m20:06:38.059951 [info ] [MainThread]: Project loading failed for the following reason:
 project path <C:\Users\Allen\Projects\Distribtuion_Performance\dbt_project.yml> not found

[0m20:06:38.060584 [info ] [MainThread]: dbt was unable to connect to the specified database.
The database returned the following error:

  >Database Error
  250001 (08001): Failed to connect to DB: HGC40667.us-east-1.snowflakecomputing.com:443. Incorrect username or password was specified.

Check your database credentials and try again. For more information, visit:
https://docs.getdbt.com/docs/configure-your-profile


[0m20:06:38.061841 [debug] [MainThread]: Command `dbt debug` failed at 20:06:38.061674 after 2.75 seconds
[0m20:06:38.062159 [debug] [MainThread]: Connection 'debug' was left open.
[0m20:06:38.062370 [debug] [MainThread]: On debug: No close available on handle
[0m20:06:38.062596 [debug] [MainThread]: Sending event: {'category': 'dbt', 'action': 'invocation', 'label': 'end', 'context': [<snowplow_tracker.self_describing_json.SelfDescribingJson object at 0x000001B6A2BAA780>, <snowplow_tracker.self_describing_json.SelfDescribingJson object at 0x000001B6A34D69F0>, <snowplow_tracker.self_describing_json.SelfDescribingJson object at 0x000001B6A2A9F9B0>]}
[0m20:06:38.062951 [debug] [MainThread]: Flushing usage events
[0m20:06:38.251518 [debug] [MainThread]: An error was encountered while trying to flush usage events
[0m20:33:18.634055 [debug] [MainThread]: Sending event: {'category': 'dbt', 'action': 'invocation', 'label': 'start', 'context': [<snowplow_tracker.self_describing_json.SelfDescribingJson object at 0x000001CCACF101A0>, <snowplow_tracker.self_describing_json.SelfDescribingJson object at 0x000001CCAEF27ED0>, <snowplow_tracker.self_describing_json.SelfDescribingJson object at 0x000001CCAEF27B10>]}


============================== 20:33:18.637283 | d6801a4d-4819-4b78-946f-0fb40b35222f ==============================
[0m20:33:18.637283 [info ] [MainThread]: Running with dbt=1.10.8
[0m20:33:18.637925 [debug] [MainThread]: running dbt with arguments {'printer_width': '80', 'indirect_selection': 'eager', 'log_cache_events': 'False', 'write_json': 'True', 'partial_parse': 'True', 'cache_selected_only': 'False', 'profiles_dir': 'C:\\Users\\Allen\\.dbt', 'version_check': 'True', 'fail_fast': 'False', 'log_path': 'logs', 'debug': 'False', 'warn_error': 'None', 'use_colors': 'True', 'use_experimental_parser': 'False', 'no_print': 'None', 'quiet': 'False', 'empty': 'False', 'warn_error_options': 'WarnErrorOptionsV2(error=[], warn=[], silence=[])', 'invocation_command': 'dbt run --select staging', 'static_parser': 'True', 'introspect': 'True', 'target_path': 'None', 'log_format': 'default', 'send_anonymous_usage_stats': 'True'}
[0m20:33:18.638521 [error] [MainThread]: Encountered an error:
Runtime Error
  No dbt_project.yml found at expected path C:\Users\Allen\Projects\Distribtuion_Performance\dbt_project.yml
  Verify that each entry within packages.yml (and their transitive dependencies) contains a file named dbt_project.yml
  
[0m20:33:18.639500 [debug] [MainThread]: Command `dbt run` failed at 20:33:18.639342 after 0.10 seconds
[0m20:33:18.639936 [debug] [MainThread]: Sending event: {'category': 'dbt', 'action': 'invocation', 'label': 'end', 'context': [<snowplow_tracker.self_describing_json.SelfDescribingJson object at 0x000001CCADDF7950>, <snowplow_tracker.self_describing_json.SelfDescribingJson object at 0x000001CCADE4B410>, <snowplow_tracker.self_describing_json.SelfDescribingJson object at 0x000001CCADE3C9E0>]}
[0m20:33:18.640372 [debug] [MainThread]: Flushing usage events
[0m20:33:19.034300 [debug] [MainThread]: An error was encountered while trying to flush usage events
